[2025-12-14T06:09:36.910+0000] {local_task_job_runner.py:123} INFO - ::group::Pre task execution logs
[2025-12-14T06:09:36.923+0000] {taskinstance.py:2613} INFO - Dependencies all met for dep_context=non-requeueable deps ti=<TaskInstance: product_embedding_pipeline.ingest_to_db_task scheduled__2025-12-14T05:00:00+00:00 [queued]>
[2025-12-14T06:09:36.932+0000] {taskinstance.py:2613} INFO - Dependencies all met for dep_context=requeueable deps ti=<TaskInstance: product_embedding_pipeline.ingest_to_db_task scheduled__2025-12-14T05:00:00+00:00 [queued]>
[2025-12-14T06:09:36.933+0000] {taskinstance.py:2866} INFO - Starting attempt 1 of 2
[2025-12-14T06:09:36.959+0000] {taskinstance.py:2889} INFO - Executing <Task(PythonOperator): ingest_to_db_task> on 2025-12-14 05:00:00+00:00
[2025-12-14T06:09:36.963+0000] {standard_task_runner.py:72} INFO - Started process 42 to run task
[2025-12-14T06:09:36.966+0000] {standard_task_runner.py:104} INFO - Running: ['airflow', 'tasks', 'run', 'product_embedding_pipeline', 'ingest_to_db_task', 'scheduled__2025-12-14T05:00:00+00:00', '--job-id', '6', '--raw', '--subdir', 'DAGS_FOLDER/product_pipeline_dag.py', '--cfg-path', '/tmp/tmp53mfjf9p']
[2025-12-14T06:09:36.969+0000] {standard_task_runner.py:105} INFO - Job 6: Subtask ingest_to_db_task
[2025-12-14T06:09:37.032+0000] {task_command.py:467} INFO - Running <TaskInstance: product_embedding_pipeline.ingest_to_db_task scheduled__2025-12-14T05:00:00+00:00 [running]> on host d8079d6ae8a6
[2025-12-14T06:09:37.108+0000] {taskinstance.py:3132} INFO - Exporting env vars: AIRFLOW_CTX_DAG_OWNER='airflow' AIRFLOW_CTX_DAG_ID='product_embedding_pipeline' AIRFLOW_CTX_TASK_ID='ingest_to_db_task' AIRFLOW_CTX_EXECUTION_DATE='2025-12-14T05:00:00+00:00' AIRFLOW_CTX_TRY_NUMBER='1' AIRFLOW_CTX_DAG_RUN_ID='scheduled__2025-12-14T05:00:00+00:00'
[2025-12-14T06:09:37.109+0000] {taskinstance.py:731} INFO - ::endgroup::
[2025-12-14T06:09:37.144+0000] {taskinstance.py:3311} ERROR - Task failed with exception
Traceback (most recent call last):
  File "/usr/local/lib/python3.10/site-packages/airflow/models/taskinstance.py", line 767, in _execute_task
    result = _execute_callable(context=context, **execute_callable_kwargs)
  File "/usr/local/lib/python3.10/site-packages/airflow/models/taskinstance.py", line 733, in _execute_callable
    return ExecutionCallableRunner(
  File "/usr/local/lib/python3.10/site-packages/airflow/utils/operator_helpers.py", line 252, in run
    return self.func(*args, **kwargs)
  File "/usr/local/lib/python3.10/site-packages/airflow/models/baseoperator.py", line 417, in wrapper
    return func(self, *args, **kwargs)
  File "/usr/local/lib/python3.10/site-packages/airflow/operators/python.py", line 238, in execute
    return_value = self.execute_callable()
  File "/usr/local/lib/python3.10/site-packages/airflow/operators/python.py", line 256, in execute_callable
    return runner.run(*self.op_args, **self.op_kwargs)
  File "/usr/local/lib/python3.10/site-packages/airflow/utils/operator_helpers.py", line 252, in run
    return self.func(*args, **kwargs)
  File "/usr/local/airflow/dags/product_pipeline_dag.py", line 59, in _ingest_products
    response = http.run(endpoint, json=clean_data, headers=headers)
  File "/usr/local/lib/python3.10/site-packages/airflow/providers/http/hooks/http.py", line 170, in run
    session = self.get_conn(headers)
  File "/usr/local/lib/python3.10/site-packages/airflow/providers/http/hooks/http.py", line 110, in get_conn
    conn = self.get_connection(self.http_conn_id)
  File "/usr/local/lib/python3.10/site-packages/airflow/hooks/base.py", line 83, in get_connection
    conn = Connection.get_connection_from_secrets(conn_id)
  File "/usr/local/lib/python3.10/site-packages/airflow/models/connection.py", line 537, in get_connection_from_secrets
    raise AirflowNotFoundException(f"The conn_id `{conn_id}` isn't defined")
airflow.exceptions.AirflowNotFoundException: The conn_id `fastapi_server` isn't defined
[2025-12-14T06:09:37.153+0000] {taskinstance.py:1225} INFO - Marking task as UP_FOR_RETRY. dag_id=product_embedding_pipeline, task_id=ingest_to_db_task, run_id=scheduled__2025-12-14T05:00:00+00:00, execution_date=20251214T050000, start_date=20251214T060936, end_date=20251214T060937
[2025-12-14T06:09:37.180+0000] {taskinstance.py:340} INFO - ::group::Post task execution logs
[2025-12-14T06:09:37.181+0000] {standard_task_runner.py:124} ERROR - Failed to execute job 6 for task ingest_to_db_task (The conn_id `fastapi_server` isn't defined; 42)
Traceback (most recent call last):
  File "/usr/local/lib/python3.10/site-packages/airflow/task/task_runner/standard_task_runner.py", line 117, in _start_by_fork
    ret = args.func(args, dag=self.dag)
  File "/usr/local/lib/python3.10/site-packages/airflow/cli/cli_config.py", line 49, in command
    return func(*args, **kwargs)
  File "/usr/local/lib/python3.10/site-packages/airflow/utils/cli.py", line 116, in wrapper
    return f(*args, **kwargs)
  File "/usr/local/lib/python3.10/site-packages/airflow/cli/commands/task_command.py", line 483, in task_run
    task_return_code = _run_task_by_selected_method(args, _dag, ti)
  File "/usr/local/lib/python3.10/site-packages/airflow/cli/commands/task_command.py", line 256, in _run_task_by_selected_method
    return _run_raw_task(args, ti)
  File "/usr/local/lib/python3.10/site-packages/airflow/cli/commands/task_command.py", line 341, in _run_raw_task
    return ti._run_raw_task(
  File "/usr/local/lib/python3.10/site-packages/airflow/utils/session.py", line 97, in wrapper
    return func(*args, session=session, **kwargs)
  File "/usr/local/lib/python3.10/site-packages/airflow/models/taskinstance.py", line 3005, in _run_raw_task
    return _run_raw_task(
  File "/usr/local/lib/python3.10/site-packages/airflow/models/taskinstance.py", line 273, in _run_raw_task
    TaskInstance._execute_task_with_callbacks(
  File "/usr/local/lib/python3.10/site-packages/airflow/models/taskinstance.py", line 3159, in _execute_task_with_callbacks
    result = self._execute_task(context, task_orig)
  File "/usr/local/lib/python3.10/site-packages/airflow/models/taskinstance.py", line 3183, in _execute_task
    return _execute_task(self, context, task_orig)
  File "/usr/local/lib/python3.10/site-packages/airflow/models/taskinstance.py", line 767, in _execute_task
    result = _execute_callable(context=context, **execute_callable_kwargs)
  File "/usr/local/lib/python3.10/site-packages/airflow/models/taskinstance.py", line 733, in _execute_callable
    return ExecutionCallableRunner(
  File "/usr/local/lib/python3.10/site-packages/airflow/utils/operator_helpers.py", line 252, in run
    return self.func(*args, **kwargs)
  File "/usr/local/lib/python3.10/site-packages/airflow/models/baseoperator.py", line 417, in wrapper
    return func(self, *args, **kwargs)
  File "/usr/local/lib/python3.10/site-packages/airflow/operators/python.py", line 238, in execute
    return_value = self.execute_callable()
  File "/usr/local/lib/python3.10/site-packages/airflow/operators/python.py", line 256, in execute_callable
    return runner.run(*self.op_args, **self.op_kwargs)
  File "/usr/local/lib/python3.10/site-packages/airflow/utils/operator_helpers.py", line 252, in run
    return self.func(*args, **kwargs)
  File "/usr/local/airflow/dags/product_pipeline_dag.py", line 59, in _ingest_products
    response = http.run(endpoint, json=clean_data, headers=headers)
  File "/usr/local/lib/python3.10/site-packages/airflow/providers/http/hooks/http.py", line 170, in run
    session = self.get_conn(headers)
  File "/usr/local/lib/python3.10/site-packages/airflow/providers/http/hooks/http.py", line 110, in get_conn
    conn = self.get_connection(self.http_conn_id)
  File "/usr/local/lib/python3.10/site-packages/airflow/hooks/base.py", line 83, in get_connection
    conn = Connection.get_connection_from_secrets(conn_id)
  File "/usr/local/lib/python3.10/site-packages/airflow/models/connection.py", line 537, in get_connection_from_secrets
    raise AirflowNotFoundException(f"The conn_id `{conn_id}` isn't defined")
airflow.exceptions.AirflowNotFoundException: The conn_id `fastapi_server` isn't defined
[2025-12-14T06:09:37.220+0000] {local_task_job_runner.py:266} INFO - Task exited with return code 1
[2025-12-14T06:09:37.240+0000] {taskinstance.py:3895} INFO - 0 downstream tasks scheduled from follow-on schedule check
[2025-12-14T06:09:37.241+0000] {local_task_job_runner.py:245} INFO - ::endgroup::
